<?xml version="1.0" encoding="UTF-8"?>
<testng-results ignored="0" total="1" passed="1" failed="0" skipped="0">
  <reporter-output>
  </reporter-output>
  <suite started-at="2023-01-08T19:28:09 IST" name="Suite" finished-at="2023-01-08T19:28:45 IST" duration-ms="36792">
    <groups>
    </groups>
    <test started-at="2023-01-08T19:28:09 IST" name="Test" finished-at="2023-01-08T19:28:45 IST" duration-ms="36792">
      <class name="com.gsk.TestScripts.OrangeHRMTestScripts">
        <test-method is-config="true" signature="setUpSuiteDetails(org.testng.ITestContext)[pri:0, instance:com.gsk.TestScripts.OrangeHRMTestScripts@117159c0]" started-at="2023-01-08T19:28:08 IST" name="setUpSuiteDetails" finished-at="2023-01-08T19:28:09 IST" duration-ms="57" status="PASS">
          <params>
            <param index="0">
              <value>
                <![CDATA[org.testng.TestRunner@34c70b5e]]>
              </value>
            </param>
          </params>
          <reporter-output>
          </reporter-output>
        </test-method> <!-- setUpSuiteDetails -->
        <test-method is-config="true" signature="BeforeClass()[pri:0, instance:com.gsk.TestScripts.OrangeHRMTestScripts@117159c0]" started-at="2023-01-08T19:28:09 IST" name="BeforeClass" finished-at="2023-01-08T19:28:12 IST" duration-ms="3012" status="PASS">
          <reporter-output>
          </reporter-output>
        </test-method> <!-- BeforeClass -->
        <test-method is-config="true" signature="captureDesc(java.lang.reflect.Method)[pri:0, instance:com.gsk.TestScripts.OrangeHRMTestScripts@117159c0]" started-at="2023-01-08T19:28:12 IST" name="captureDesc" finished-at="2023-01-08T19:28:12 IST" duration-ms="0" status="PASS">
          <params>
            <param index="0">
              <value>
                <![CDATA[public void com.gsk.TestScripts.OrangeHRMTestScripts.login() throws java.lang.Exception]]>
              </value>
            </param>
          </params>
          <reporter-output>
          </reporter-output>
        </test-method> <!-- captureDesc -->
        <test-method signature="login()[pri:0, instance:com.gsk.TestScripts.OrangeHRMTestScripts@117159c0]" started-at="2023-01-08T19:28:12 IST" name="login" description="Login The OrangaHRM Application" finished-at="2023-01-08T19:28:45 IST" duration-ms="33711" status="PASS">
          <reporter-output>
          </reporter-output>
        </test-method> <!-- login -->
        <test-method is-config="true" signature="afterClass()[pri:0, instance:com.gsk.TestScripts.OrangeHRMTestScripts@117159c0]" started-at="2023-01-08T19:28:45 IST" name="afterClass" finished-at="2023-01-08T19:28:45 IST" duration-ms="0" status="PASS">
          <reporter-output>
          </reporter-output>
        </test-method> <!-- afterClass -->
        <test-method is-config="true" signature="afterSuite()[pri:0, instance:com.gsk.TestScripts.OrangeHRMTestScripts@117159c0]" started-at="2023-01-08T19:28:46 IST" name="afterSuite" finished-at="2023-01-08T19:28:46 IST" duration-ms="3" status="PASS">
          <reporter-output>
          </reporter-output>
        </test-method> <!-- afterSuite -->
      </class> <!-- com.gsk.TestScripts.OrangeHRMTestScripts -->
    </test> <!-- Test -->
  </suite> <!-- Suite -->
</testng-results>
